[0.497s] Invoking command in '/home/charlottediloreto/ros2_orbbec_ws/src/yolo_detectors': PYTHONPATH=/home/charlottediloreto/ros2_orbbec_ws/build/yolo_detectors/prefix_override:/usr/lib/python3/dist-packages/colcon_core/task/python/colcon_distutils_commands:/home/charlottediloreto/ros2_orbbec_ws/install/yolo_detectors/lib/python3.10/site-packages:${PYTHONPATH} /usr/bin/python3 -W ignore:setup.py install is deprecated -W ignore:easy_install command is deprecated setup.py egg_info --egg-base ../../build/yolo_detectors build --build-base /home/charlottediloreto/ros2_orbbec_ws/build/yolo_detectors/build install --record /home/charlottediloreto/ros2_orbbec_ws/build/yolo_detectors/install.log --single-version-externally-managed install_data
[0.698s] running egg_info
[0.699s] writing ../../build/yolo_detectors/yolo_detectors.egg-info/PKG-INFO
[0.699s] writing dependency_links to ../../build/yolo_detectors/yolo_detectors.egg-info/dependency_links.txt
[0.699s] writing entry points to ../../build/yolo_detectors/yolo_detectors.egg-info/entry_points.txt
[0.699s] writing requirements to ../../build/yolo_detectors/yolo_detectors.egg-info/requires.txt
[0.700s] writing top-level names to ../../build/yolo_detectors/yolo_detectors.egg-info/top_level.txt
[0.722s] listing git files failed - pretending there aren't any
[0.805s] reading manifest file '../../build/yolo_detectors/yolo_detectors.egg-info/SOURCES.txt'
[0.806s] writing manifest file '../../build/yolo_detectors/yolo_detectors.egg-info/SOURCES.txt'
[0.806s] running build
[0.806s] running build_py
[0.806s] running install
[0.806s] running install_lib
[0.807s] running install_data
[0.808s] running install_egg_info
[0.808s] removing '/home/charlottediloreto/ros2_orbbec_ws/install/yolo_detectors/lib/python3.10/site-packages/yolo_detectors-0.1.0-py3.10.egg-info' (and everything under it)
[0.808s] Copying ../../build/yolo_detectors/yolo_detectors.egg-info to /home/charlottediloreto/ros2_orbbec_ws/install/yolo_detectors/lib/python3.10/site-packages/yolo_detectors-0.1.0-py3.10.egg-info
[0.809s] running install_scripts
[0.823s] Installing alien_detection script to /home/charlottediloreto/ros2_orbbec_ws/install/yolo_detectors/lib/yolo_detectors
[0.823s] Installing pose_detection script to /home/charlottediloreto/ros2_orbbec_ws/install/yolo_detectors/lib/yolo_detectors
[0.824s] writing list of installed files to '/home/charlottediloreto/ros2_orbbec_ws/build/yolo_detectors/install.log'
[0.841s] Invoked command in '/home/charlottediloreto/ros2_orbbec_ws/src/yolo_detectors' returned '0': PYTHONPATH=/home/charlottediloreto/ros2_orbbec_ws/build/yolo_detectors/prefix_override:/usr/lib/python3/dist-packages/colcon_core/task/python/colcon_distutils_commands:/home/charlottediloreto/ros2_orbbec_ws/install/yolo_detectors/lib/python3.10/site-packages:${PYTHONPATH} /usr/bin/python3 -W ignore:setup.py install is deprecated -W ignore:easy_install command is deprecated setup.py egg_info --egg-base ../../build/yolo_detectors build --build-base /home/charlottediloreto/ros2_orbbec_ws/build/yolo_detectors/build install --record /home/charlottediloreto/ros2_orbbec_ws/build/yolo_detectors/install.log --single-version-externally-managed install_data
