[0.125s] DEBUG:colcon:Command line arguments: ['/usr/bin/colcon', 'build', '--packages-select', 't', 'yolo_detectors']
[0.125s] DEBUG:colcon:Parsed command line arguments: Namespace(log_base=None, log_level=None, verb_name='build', build_base='build', install_base='install', merge_install=False, symlink_install=False, test_result_base=None, continue_on_error=False, executor='parallel', parallel_workers=16, event_handlers=None, ignore_user_meta=False, metas=['./colcon.meta'], base_paths=['.'], packages_ignore=None, packages_ignore_regex=None, paths=None, packages_up_to=None, packages_up_to_regex=None, packages_above=None, packages_above_and_dependencies=None, packages_above_depth=None, packages_select_by_dep=None, packages_skip_by_dep=None, packages_skip_up_to=None, packages_select_build_failed=False, packages_skip_build_finished=False, packages_select_test_failures=False, packages_skip_test_passed=False, packages_select=['t', 'yolo_detectors'], packages_skip=None, packages_select_regex=None, packages_skip_regex=None, packages_start=None, packages_end=None, allow_overriding=[], cmake_args=None, cmake_target=None, cmake_target_skip_unavailable=False, cmake_clean_cache=False, cmake_clean_first=False, cmake_force_configure=False, ament_cmake_args=None, catkin_cmake_args=None, catkin_skip_building_tests=False, mixin_files=None, mixin=None, verb_parser=<colcon_mixin.mixin.mixin_argument.MixinArgumentDecorator object at 0x7e27c4533a90>, verb_extension=<colcon_core.verb.build.BuildVerb object at 0x7e27c4533520>, main=<bound method BuildVerb.main of <colcon_core.verb.build.BuildVerb object at 0x7e27c4533520>>, mixin_verb=('build',))
[0.188s] Level 1:colcon.colcon_core.package_discovery:discover_packages(colcon_meta) check parameters
[0.188s] Level 1:colcon.colcon_core.package_discovery:discover_packages(recursive) check parameters
[0.188s] Level 1:colcon.colcon_core.package_discovery:discover_packages(ignore) check parameters
[0.188s] Level 1:colcon.colcon_core.package_discovery:discover_packages(path) check parameters
[0.188s] Level 1:colcon.colcon_core.package_discovery:discover_packages(colcon_meta) discover
[0.188s] Level 1:colcon.colcon_core.package_discovery:discover_packages(recursive) discover
[0.188s] INFO:colcon.colcon_core.package_discovery:Crawling recursively for packages in '/home/charlottediloreto/ros2_orbbec_ws'
[0.188s] Level 1:colcon.colcon_core.package_identification:_identify(.) by extensions ['ignore', 'ignore_ament_install']
[0.188s] Level 1:colcon.colcon_core.package_identification:_identify(.) by extension 'ignore'
[0.188s] Level 1:colcon.colcon_core.package_identification:_identify(.) by extension 'ignore_ament_install'
[0.188s] Level 1:colcon.colcon_core.package_identification:_identify(.) by extensions ['colcon_pkg']
[0.188s] Level 1:colcon.colcon_core.package_identification:_identify(.) by extension 'colcon_pkg'
[0.188s] Level 1:colcon.colcon_core.package_identification:_identify(.) by extensions ['colcon_meta']
[0.188s] Level 1:colcon.colcon_core.package_identification:_identify(.) by extension 'colcon_meta'
[0.188s] Level 1:colcon.colcon_core.package_identification:_identify(.) by extensions ['ros']
[0.188s] Level 1:colcon.colcon_core.package_identification:_identify(.) by extension 'ros'
[0.221s] Level 1:colcon.colcon_core.package_identification:_identify(.) by extensions ['cmake', 'python']
[0.222s] Level 1:colcon.colcon_core.package_identification:_identify(.) by extension 'cmake'
[0.222s] Level 1:colcon.colcon_core.package_identification:_identify(.) by extension 'python'
[0.222s] Level 1:colcon.colcon_core.package_identification:_identify(.) by extensions ['python_setup_py']
[0.222s] Level 1:colcon.colcon_core.package_identification:_identify(.) by extension 'python_setup_py'
[0.222s] Level 1:colcon.colcon_core.package_identification:_identify(Log) by extensions ['ignore', 'ignore_ament_install']
[0.222s] Level 1:colcon.colcon_core.package_identification:_identify(Log) by extension 'ignore'
[0.222s] Level 1:colcon.colcon_core.package_identification:_identify(Log) by extension 'ignore_ament_install'
[0.222s] Level 1:colcon.colcon_core.package_identification:_identify(Log) by extensions ['colcon_pkg']
[0.222s] Level 1:colcon.colcon_core.package_identification:_identify(Log) by extension 'colcon_pkg'
[0.222s] Level 1:colcon.colcon_core.package_identification:_identify(Log) by extensions ['colcon_meta']
[0.222s] Level 1:colcon.colcon_core.package_identification:_identify(Log) by extension 'colcon_meta'
[0.222s] Level 1:colcon.colcon_core.package_identification:_identify(Log) by extensions ['ros']
[0.222s] Level 1:colcon.colcon_core.package_identification:_identify(Log) by extension 'ros'
[0.222s] Level 1:colcon.colcon_core.package_identification:_identify(Log) by extensions ['cmake', 'python']
[0.222s] Level 1:colcon.colcon_core.package_identification:_identify(Log) by extension 'cmake'
[0.222s] Level 1:colcon.colcon_core.package_identification:_identify(Log) by extension 'python'
[0.222s] Level 1:colcon.colcon_core.package_identification:_identify(Log) by extensions ['python_setup_py']
[0.222s] Level 1:colcon.colcon_core.package_identification:_identify(Log) by extension 'python_setup_py'
[0.222s] Level 1:colcon.colcon_core.package_identification:_identify(build) by extensions ['ignore', 'ignore_ament_install']
[0.222s] Level 1:colcon.colcon_core.package_identification:_identify(build) by extension 'ignore'
[0.222s] Level 1:colcon.colcon_core.package_identification:_identify(build) ignored
[0.223s] Level 1:colcon.colcon_core.package_identification:_identify(captures_videos) by extensions ['ignore', 'ignore_ament_install']
[0.223s] Level 1:colcon.colcon_core.package_identification:_identify(captures_videos) by extension 'ignore'
[0.223s] Level 1:colcon.colcon_core.package_identification:_identify(captures_videos) by extension 'ignore_ament_install'
[0.223s] Level 1:colcon.colcon_core.package_identification:_identify(captures_videos) by extensions ['colcon_pkg']
[0.223s] Level 1:colcon.colcon_core.package_identification:_identify(captures_videos) by extension 'colcon_pkg'
[0.223s] Level 1:colcon.colcon_core.package_identification:_identify(captures_videos) by extensions ['colcon_meta']
[0.223s] Level 1:colcon.colcon_core.package_identification:_identify(captures_videos) by extension 'colcon_meta'
[0.223s] Level 1:colcon.colcon_core.package_identification:_identify(captures_videos) by extensions ['ros']
[0.223s] Level 1:colcon.colcon_core.package_identification:_identify(captures_videos) by extension 'ros'
[0.223s] Level 1:colcon.colcon_core.package_identification:_identify(captures_videos) by extensions ['cmake', 'python']
[0.223s] Level 1:colcon.colcon_core.package_identification:_identify(captures_videos) by extension 'cmake'
[0.223s] Level 1:colcon.colcon_core.package_identification:_identify(captures_videos) by extension 'python'
[0.223s] Level 1:colcon.colcon_core.package_identification:_identify(captures_videos) by extensions ['python_setup_py']
[0.223s] Level 1:colcon.colcon_core.package_identification:_identify(captures_videos) by extension 'python_setup_py'
[0.223s] Level 1:colcon.colcon_core.package_identification:_identify(distance_logs) by extensions ['ignore', 'ignore_ament_install']
[0.223s] Level 1:colcon.colcon_core.package_identification:_identify(distance_logs) by extension 'ignore'
[0.223s] Level 1:colcon.colcon_core.package_identification:_identify(distance_logs) by extension 'ignore_ament_install'
[0.223s] Level 1:colcon.colcon_core.package_identification:_identify(distance_logs) by extensions ['colcon_pkg']
[0.223s] Level 1:colcon.colcon_core.package_identification:_identify(distance_logs) by extension 'colcon_pkg'
[0.223s] Level 1:colcon.colcon_core.package_identification:_identify(distance_logs) by extensions ['colcon_meta']
[0.223s] Level 1:colcon.colcon_core.package_identification:_identify(distance_logs) by extension 'colcon_meta'
[0.224s] Level 1:colcon.colcon_core.package_identification:_identify(distance_logs) by extensions ['ros']
[0.224s] Level 1:colcon.colcon_core.package_identification:_identify(distance_logs) by extension 'ros'
[0.224s] Level 1:colcon.colcon_core.package_identification:_identify(distance_logs) by extensions ['cmake', 'python']
[0.224s] Level 1:colcon.colcon_core.package_identification:_identify(distance_logs) by extension 'cmake'
[0.224s] Level 1:colcon.colcon_core.package_identification:_identify(distance_logs) by extension 'python'
[0.224s] Level 1:colcon.colcon_core.package_identification:_identify(distance_logs) by extensions ['python_setup_py']
[0.224s] Level 1:colcon.colcon_core.package_identification:_identify(distance_logs) by extension 'python_setup_py'
[0.224s] Level 1:colcon.colcon_core.package_identification:_identify(install) by extensions ['ignore', 'ignore_ament_install']
[0.224s] Level 1:colcon.colcon_core.package_identification:_identify(install) by extension 'ignore'
[0.224s] Level 1:colcon.colcon_core.package_identification:_identify(install) ignored
[0.224s] Level 1:colcon.colcon_core.package_identification:_identify(log) by extensions ['ignore', 'ignore_ament_install']
[0.224s] Level 1:colcon.colcon_core.package_identification:_identify(log) by extension 'ignore'
[0.224s] Level 1:colcon.colcon_core.package_identification:_identify(log) ignored
[0.224s] Level 1:colcon.colcon_core.package_identification:_identify(src) by extensions ['ignore', 'ignore_ament_install']
[0.224s] Level 1:colcon.colcon_core.package_identification:_identify(src) by extension 'ignore'
[0.224s] Level 1:colcon.colcon_core.package_identification:_identify(src) by extension 'ignore_ament_install'
[0.224s] Level 1:colcon.colcon_core.package_identification:_identify(src) by extensions ['colcon_pkg']
[0.224s] Level 1:colcon.colcon_core.package_identification:_identify(src) by extension 'colcon_pkg'
[0.224s] Level 1:colcon.colcon_core.package_identification:_identify(src) by extensions ['colcon_meta']
[0.224s] Level 1:colcon.colcon_core.package_identification:_identify(src) by extension 'colcon_meta'
[0.225s] Level 1:colcon.colcon_core.package_identification:_identify(src) by extensions ['ros']
[0.225s] Level 1:colcon.colcon_core.package_identification:_identify(src) by extension 'ros'
[0.225s] Level 1:colcon.colcon_core.package_identification:_identify(src) by extensions ['cmake', 'python']
[0.225s] Level 1:colcon.colcon_core.package_identification:_identify(src) by extension 'cmake'
[0.225s] Level 1:colcon.colcon_core.package_identification:_identify(src) by extension 'python'
[0.225s] Level 1:colcon.colcon_core.package_identification:_identify(src) by extensions ['python_setup_py']
[0.225s] Level 1:colcon.colcon_core.package_identification:_identify(src) by extension 'python_setup_py'
[0.225s] Level 1:colcon.colcon_core.package_identification:_identify(src/yolo_detectors) by extensions ['ignore', 'ignore_ament_install']
[0.225s] Level 1:colcon.colcon_core.package_identification:_identify(src/yolo_detectors) by extension 'ignore'
[0.225s] Level 1:colcon.colcon_core.package_identification:_identify(src/yolo_detectors) by extension 'ignore_ament_install'
[0.225s] Level 1:colcon.colcon_core.package_identification:_identify(src/yolo_detectors) by extensions ['colcon_pkg']
[0.225s] Level 1:colcon.colcon_core.package_identification:_identify(src/yolo_detectors) by extension 'colcon_pkg'
[0.225s] Level 1:colcon.colcon_core.package_identification:_identify(src/yolo_detectors) by extensions ['colcon_meta']
[0.225s] Level 1:colcon.colcon_core.package_identification:_identify(src/yolo_detectors) by extension 'colcon_meta'
[0.225s] Level 1:colcon.colcon_core.package_identification:_identify(src/yolo_detectors) by extensions ['ros']
[0.225s] Level 1:colcon.colcon_core.package_identification:_identify(src/yolo_detectors) by extension 'ros'
[0.228s] DEBUG:colcon.colcon_core.package_identification:Package 'src/yolo_detectors' with type 'ros.ament_python' and name 'yolo_detectors'
[0.228s] Level 1:colcon.colcon_core.package_discovery:discover_packages(recursive) using defaults
[0.228s] Level 1:colcon.colcon_core.package_discovery:discover_packages(ignore) discover
[0.228s] Level 1:colcon.colcon_core.package_discovery:discover_packages(ignore) using defaults
[0.228s] Level 1:colcon.colcon_core.package_discovery:discover_packages(path) discover
[0.228s] Level 1:colcon.colcon_core.package_discovery:discover_packages(path) using defaults
[0.228s] WARNING:colcon.colcon_core.package_selection:ignoring unknown package 't' in --packages-select
[0.249s] Level 1:colcon.colcon_core.package_discovery:discover_packages(prefix_path) check parameters
[0.249s] Level 1:colcon.colcon_core.package_discovery:discover_packages(prefix_path) discover
[0.251s] DEBUG:colcon.colcon_installed_package_information.package_discovery:Found 1 installed packages in /home/charlottediloreto/ros2_orbbec_ws/install
[0.252s] DEBUG:colcon.colcon_installed_package_information.package_discovery:Found 278 installed packages in /opt/ros/humble
[0.253s] Level 1:colcon.colcon_core.package_discovery:discover_packages(prefix_path) using defaults
[0.292s] Level 5:colcon.colcon_core.verb:set package 'yolo_detectors' build argument 'cmake_args' from command line to 'None'
[0.293s] Level 5:colcon.colcon_core.verb:set package 'yolo_detectors' build argument 'cmake_target' from command line to 'None'
[0.293s] Level 5:colcon.colcon_core.verb:set package 'yolo_detectors' build argument 'cmake_target_skip_unavailable' from command line to 'False'
[0.293s] Level 5:colcon.colcon_core.verb:set package 'yolo_detectors' build argument 'cmake_clean_cache' from command line to 'False'
[0.293s] Level 5:colcon.colcon_core.verb:set package 'yolo_detectors' build argument 'cmake_clean_first' from command line to 'False'
[0.293s] Level 5:colcon.colcon_core.verb:set package 'yolo_detectors' build argument 'cmake_force_configure' from command line to 'False'
[0.293s] Level 5:colcon.colcon_core.verb:set package 'yolo_detectors' build argument 'ament_cmake_args' from command line to 'None'
[0.293s] Level 5:colcon.colcon_core.verb:set package 'yolo_detectors' build argument 'catkin_cmake_args' from command line to 'None'
[0.293s] Level 5:colcon.colcon_core.verb:set package 'yolo_detectors' build argument 'catkin_skip_building_tests' from command line to 'False'
[0.293s] DEBUG:colcon.colcon_core.verb:Building package 'yolo_detectors' with the following arguments: {'ament_cmake_args': None, 'build_base': '/home/charlottediloreto/ros2_orbbec_ws/build/yolo_detectors', 'catkin_cmake_args': None, 'catkin_skip_building_tests': False, 'cmake_args': None, 'cmake_clean_cache': False, 'cmake_clean_first': False, 'cmake_force_configure': False, 'cmake_target': None, 'cmake_target_skip_unavailable': False, 'install_base': '/home/charlottediloreto/ros2_orbbec_ws/install/yolo_detectors', 'merge_install': False, 'path': '/home/charlottediloreto/ros2_orbbec_ws/src/yolo_detectors', 'symlink_install': False, 'test_result_base': None}
[0.293s] INFO:colcon.colcon_core.executor:Executing jobs using 'parallel' executor
[0.294s] DEBUG:colcon.colcon_parallel_executor.executor.parallel:run_until_complete
[0.294s] INFO:colcon.colcon_ros.task.ament_python.build:Building ROS package in '/home/charlottediloreto/ros2_orbbec_ws/src/yolo_detectors' with build type 'ament_python'
[0.294s] Level 1:colcon.colcon_core.shell:create_environment_hook('yolo_detectors', 'ament_prefix_path')
[0.297s] INFO:colcon.colcon_core.plugin_system:Skipping extension 'colcon_core.shell.bat': Not used on non-Windows systems
[0.297s] INFO:colcon.colcon_core.shell:Creating environment hook '/home/charlottediloreto/ros2_orbbec_ws/install/yolo_detectors/share/yolo_detectors/hook/ament_prefix_path.ps1'
[0.298s] INFO:colcon.colcon_core.shell:Creating environment descriptor '/home/charlottediloreto/ros2_orbbec_ws/install/yolo_detectors/share/yolo_detectors/hook/ament_prefix_path.dsv'
[0.299s] INFO:colcon.colcon_core.shell:Creating environment hook '/home/charlottediloreto/ros2_orbbec_ws/install/yolo_detectors/share/yolo_detectors/hook/ament_prefix_path.sh'
[0.300s] INFO:colcon.colcon_core.shell:Skip shell extension 'powershell' for command environment: Not usable outside of PowerShell
[0.300s] DEBUG:colcon.colcon_core.shell:Skip shell extension 'dsv' for command environment
[0.497s] INFO:colcon.colcon_core.task.python.build:Building Python package in '/home/charlottediloreto/ros2_orbbec_ws/src/yolo_detectors'
[0.498s] INFO:colcon.colcon_core.shell:Skip shell extension 'powershell' for command environment: Not usable outside of PowerShell
[0.498s] DEBUG:colcon.colcon_core.shell:Skip shell extension 'dsv' for command environment
[0.903s] DEBUG:colcon.colcon_core.event_handler.log_command:Invoking command in '/home/charlottediloreto/ros2_orbbec_ws/src/yolo_detectors': PS1=(env_orbbec) \[\e]0;\u@\h: \w\a\]${debian_chroot:+($debian_chroot)}\[\033[01;32m\]\u@\h\[\033[00m\]:\[\033[01;34m\]\w\[\033[00m\]\$ PYTHONPATH=/home/charlottediloreto/ros2_orbbec_ws/build/yolo_detectors/prefix_override:/usr/lib/python3/dist-packages/colcon_core/task/python/colcon_distutils_commands:/home/charlottediloreto/ros2_orbbec_ws/install/yolo_detectors/lib/python3.10/site-packages:${PYTHONPATH} VIRTUAL_ENV_PROMPT=(env_orbbec) /usr/bin/python3 -W ignore:setup.py install is deprecated -W ignore:easy_install command is deprecated setup.py egg_info --egg-base ../../build/yolo_detectors build --build-base /home/charlottediloreto/ros2_orbbec_ws/build/yolo_detectors/build install --record /home/charlottediloreto/ros2_orbbec_ws/build/yolo_detectors/install.log --install-scripts $base/lib/yolo_detectors --single-version-externally-managed install_data
[1.445s] DEBUG:colcon.colcon_core.event_handler.log_command:Invoked command in '/home/charlottediloreto/ros2_orbbec_ws/src/yolo_detectors' returned '0': PS1=(env_orbbec) \[\e]0;\u@\h: \w\a\]${debian_chroot:+($debian_chroot)}\[\033[01;32m\]\u@\h\[\033[00m\]:\[\033[01;34m\]\w\[\033[00m\]\$ PYTHONPATH=/home/charlottediloreto/ros2_orbbec_ws/build/yolo_detectors/prefix_override:/usr/lib/python3/dist-packages/colcon_core/task/python/colcon_distutils_commands:/home/charlottediloreto/ros2_orbbec_ws/install/yolo_detectors/lib/python3.10/site-packages:${PYTHONPATH} VIRTUAL_ENV_PROMPT=(env_orbbec) /usr/bin/python3 -W ignore:setup.py install is deprecated -W ignore:easy_install command is deprecated setup.py egg_info --egg-base ../../build/yolo_detectors build --build-base /home/charlottediloreto/ros2_orbbec_ws/build/yolo_detectors/build install --record /home/charlottediloreto/ros2_orbbec_ws/build/yolo_detectors/install.log --install-scripts $base/lib/yolo_detectors --single-version-externally-managed install_data
[1.448s] Level 1:colcon.colcon_core.environment:checking '/home/charlottediloreto/ros2_orbbec_ws/install/yolo_detectors' for CMake module files
[1.449s] Level 1:colcon.colcon_core.environment:checking '/home/charlottediloreto/ros2_orbbec_ws/install/yolo_detectors' for CMake config files
[1.449s] Level 1:colcon.colcon_core.environment:checking '/home/charlottediloreto/ros2_orbbec_ws/install/yolo_detectors/lib'
[1.449s] Level 1:colcon.colcon_core.environment:checking '/home/charlottediloreto/ros2_orbbec_ws/install/yolo_detectors/bin'
[1.449s] Level 1:colcon.colcon_core.environment:checking '/home/charlottediloreto/ros2_orbbec_ws/install/yolo_detectors/lib/pkgconfig/yolo_detectors.pc'
[1.450s] Level 1:colcon.colcon_core.environment:checking '/home/charlottediloreto/ros2_orbbec_ws/install/yolo_detectors/lib/python3.10/site-packages'
[1.450s] Level 1:colcon.colcon_core.shell:create_environment_hook('yolo_detectors', 'pythonpath')
[1.450s] INFO:colcon.colcon_core.shell:Creating environment hook '/home/charlottediloreto/ros2_orbbec_ws/install/yolo_detectors/share/yolo_detectors/hook/pythonpath.ps1'
[1.450s] INFO:colcon.colcon_core.shell:Creating environment descriptor '/home/charlottediloreto/ros2_orbbec_ws/install/yolo_detectors/share/yolo_detectors/hook/pythonpath.dsv'
[1.450s] INFO:colcon.colcon_core.shell:Creating environment hook '/home/charlottediloreto/ros2_orbbec_ws/install/yolo_detectors/share/yolo_detectors/hook/pythonpath.sh'
[1.451s] Level 1:colcon.colcon_core.environment:checking '/home/charlottediloreto/ros2_orbbec_ws/install/yolo_detectors/bin'
[1.451s] Level 1:colcon.colcon_core.environment:create_environment_scripts_only(yolo_detectors)
[1.451s] INFO:colcon.colcon_core.shell:Creating package script '/home/charlottediloreto/ros2_orbbec_ws/install/yolo_detectors/share/yolo_detectors/package.ps1'
[1.453s] INFO:colcon.colcon_core.shell:Creating package descriptor '/home/charlottediloreto/ros2_orbbec_ws/install/yolo_detectors/share/yolo_detectors/package.dsv'
[1.453s] INFO:colcon.colcon_core.shell:Creating package script '/home/charlottediloreto/ros2_orbbec_ws/install/yolo_detectors/share/yolo_detectors/package.sh'
[1.454s] INFO:colcon.colcon_core.shell:Creating package script '/home/charlottediloreto/ros2_orbbec_ws/install/yolo_detectors/share/yolo_detectors/package.bash'
[1.455s] INFO:colcon.colcon_core.shell:Creating package script '/home/charlottediloreto/ros2_orbbec_ws/install/yolo_detectors/share/yolo_detectors/package.zsh'
[1.457s] Level 1:colcon.colcon_core.environment:create_file_with_runtime_dependencies(/home/charlottediloreto/ros2_orbbec_ws/install/yolo_detectors/share/colcon-core/packages/yolo_detectors)
[1.457s] DEBUG:colcon.colcon_parallel_executor.executor.parallel:closing loop
[1.457s] DEBUG:colcon.colcon_parallel_executor.executor.parallel:loop closed
[1.457s] DEBUG:colcon.colcon_parallel_executor.executor.parallel:run_until_complete finished with '0'
[1.457s] DEBUG:colcon.colcon_core.event_reactor:joining thread
[1.462s] INFO:colcon.colcon_core.plugin_system:Skipping extension 'colcon_notification.desktop_notification.terminal_notifier': Not used on non-Darwin systems
[1.462s] INFO:colcon.colcon_core.plugin_system:Skipping extension 'colcon_notification.desktop_notification.win32': Not used on non-Windows systems
[1.462s] INFO:colcon.colcon_notification.desktop_notification:Sending desktop notification using 'notify2'
[1.474s] DEBUG:colcon.colcon_core.event_reactor:joined thread
[1.474s] INFO:colcon.colcon_core.shell:Creating prefix script '/home/charlottediloreto/ros2_orbbec_ws/install/local_setup.ps1'
[1.475s] INFO:colcon.colcon_core.shell:Creating prefix util module '/home/charlottediloreto/ros2_orbbec_ws/install/_local_setup_util_ps1.py'
[1.477s] INFO:colcon.colcon_core.shell:Creating prefix chain script '/home/charlottediloreto/ros2_orbbec_ws/install/setup.ps1'
[1.478s] INFO:colcon.colcon_core.shell:Creating prefix script '/home/charlottediloreto/ros2_orbbec_ws/install/local_setup.sh'
[1.478s] INFO:colcon.colcon_core.shell:Creating prefix util module '/home/charlottediloreto/ros2_orbbec_ws/install/_local_setup_util_sh.py'
[1.479s] INFO:colcon.colcon_core.shell:Creating prefix chain script '/home/charlottediloreto/ros2_orbbec_ws/install/setup.sh'
[1.480s] INFO:colcon.colcon_core.shell:Creating prefix script '/home/charlottediloreto/ros2_orbbec_ws/install/local_setup.bash'
[1.480s] INFO:colcon.colcon_core.shell:Creating prefix chain script '/home/charlottediloreto/ros2_orbbec_ws/install/setup.bash'
[1.481s] INFO:colcon.colcon_core.shell:Creating prefix script '/home/charlottediloreto/ros2_orbbec_ws/install/local_setup.zsh'
[1.482s] INFO:colcon.colcon_core.shell:Creating prefix chain script '/home/charlottediloreto/ros2_orbbec_ws/install/setup.zsh'
