[0.534s] Invoking command in '/home/charlottediloreto/ros2_orbbec_ws/src/yolo_detectors': PS1=(env_orbbec) \[\e]0;\u@\h: \w\a\]${debian_chroot:+($debian_chroot)}\[\033[01;32m\]\u@\h\[\033[00m\]:\[\033[01;34m\]\w\[\033[00m\]\$ PYTHONPATH=/home/charlottediloreto/ros2_orbbec_ws/build/yolo_detectors/prefix_override:/usr/lib/python3/dist-packages/colcon_core/task/python/colcon_distutils_commands:/home/charlottediloreto/ros2_orbbec_ws/install/yolo_detectors/lib/python3.10/site-packages:${PYTHONPATH} VIRTUAL_ENV_PROMPT=(env_orbbec) /usr/bin/python3 -W ignore:setup.py install is deprecated -W ignore:easy_install command is deprecated setup.py egg_info --egg-base ../../build/yolo_detectors build --build-base /home/charlottediloreto/ros2_orbbec_ws/build/yolo_detectors/build install --record /home/charlottediloreto/ros2_orbbec_ws/build/yolo_detectors/install.log --single-version-externally-managed install_data
[0.659s] /home/charlottediloreto/projet_yolo26/env_orbbec/lib/python3.10/site-packages/setuptools/_distutils/dist.py:287: UserWarning: Unknown distribution option: 'tests_require'
[0.659s]   warnings.warn(msg)
[0.756s] running egg_info
[0.771s] writing ../../build/yolo_detectors/yolo_detectors.egg-info/PKG-INFO
[0.772s] writing dependency_links to ../../build/yolo_detectors/yolo_detectors.egg-info/dependency_links.txt
[0.772s] writing entry points to ../../build/yolo_detectors/yolo_detectors.egg-info/entry_points.txt
[0.772s] writing requirements to ../../build/yolo_detectors/yolo_detectors.egg-info/requires.txt
[0.772s] writing top-level names to ../../build/yolo_detectors/yolo_detectors.egg-info/top_level.txt
[0.821s] listing git files failed - pretending there aren't any
[0.903s] reading manifest file '../../build/yolo_detectors/yolo_detectors.egg-info/SOURCES.txt'
[0.904s] writing manifest file '../../build/yolo_detectors/yolo_detectors.egg-info/SOURCES.txt'
[0.905s] running build
[0.905s] running build_py
[0.905s] copying yolo_detectors/__init__.py -> /home/charlottediloreto/ros2_orbbec_ws/build/yolo_detectors/build/lib/yolo_detectors
[0.905s] copying yolo_detectors/alien_detection_node.py -> /home/charlottediloreto/ros2_orbbec_ws/build/yolo_detectors/build/lib/yolo_detectors
[0.905s] copying yolo_detectors/pose_detection_node.py -> /home/charlottediloreto/ros2_orbbec_ws/build/yolo_detectors/build/lib/yolo_detectors
[0.905s] running install
[0.909s] running install_lib
[0.925s] copying /home/charlottediloreto/ros2_orbbec_ws/build/yolo_detectors/build/lib/yolo_detectors/alien_detection_node.py -> /home/charlottediloreto/ros2_orbbec_ws/install/yolo_detectors/lib/python3.10/site-packages/yolo_detectors
[0.925s] byte-compiling /home/charlottediloreto/ros2_orbbec_ws/install/yolo_detectors/lib/python3.10/site-packages/yolo_detectors/alien_detection_node.py to alien_detection_node.cpython-310.pyc
[0.927s] running install_data
[0.928s] copying resource/yolo_detectors -> /home/charlottediloreto/ros2_orbbec_ws/install/yolo_detectors/share/ament_index/resource_index/packages
[0.928s] copying package.xml -> /home/charlottediloreto/ros2_orbbec_ws/install/yolo_detectors/share/yolo_detectors
[0.928s] running install_egg_info
[0.944s] removing '/home/charlottediloreto/ros2_orbbec_ws/install/yolo_detectors/lib/python3.10/site-packages/yolo_detectors-0.1.0-py3.10.egg-info' (and everything under it)
[0.945s] Copying ../../build/yolo_detectors/yolo_detectors.egg-info to /home/charlottediloreto/ros2_orbbec_ws/install/yolo_detectors/lib/python3.10/site-packages/yolo_detectors-0.1.0-py3.10.egg-info
[0.945s] running install_scripts
[0.979s] Installing alien_detection script to /home/charlottediloreto/ros2_orbbec_ws/install/yolo_detectors/lib/yolo_detectors
[0.979s] Installing pose_detection script to /home/charlottediloreto/ros2_orbbec_ws/install/yolo_detectors/lib/yolo_detectors
[0.980s] writing list of installed files to '/home/charlottediloreto/ros2_orbbec_ws/build/yolo_detectors/install.log'
[0.994s] Invoked command in '/home/charlottediloreto/ros2_orbbec_ws/src/yolo_detectors' returned '0': PS1=(env_orbbec) \[\e]0;\u@\h: \w\a\]${debian_chroot:+($debian_chroot)}\[\033[01;32m\]\u@\h\[\033[00m\]:\[\033[01;34m\]\w\[\033[00m\]\$ PYTHONPATH=/home/charlottediloreto/ros2_orbbec_ws/build/yolo_detectors/prefix_override:/usr/lib/python3/dist-packages/colcon_core/task/python/colcon_distutils_commands:/home/charlottediloreto/ros2_orbbec_ws/install/yolo_detectors/lib/python3.10/site-packages:${PYTHONPATH} VIRTUAL_ENV_PROMPT=(env_orbbec) /usr/bin/python3 -W ignore:setup.py install is deprecated -W ignore:easy_install command is deprecated setup.py egg_info --egg-base ../../build/yolo_detectors build --build-base /home/charlottediloreto/ros2_orbbec_ws/build/yolo_detectors/build install --record /home/charlottediloreto/ros2_orbbec_ws/build/yolo_detectors/install.log --single-version-externally-managed install_data
