running egg_info
writing ../../build/yolo_detectors/yolo_detectors.egg-info/PKG-INFO
writing dependency_links to ../../build/yolo_detectors/yolo_detectors.egg-info/dependency_links.txt
writing entry points to ../../build/yolo_detectors/yolo_detectors.egg-info/entry_points.txt
writing requirements to ../../build/yolo_detectors/yolo_detectors.egg-info/requires.txt
writing top-level names to ../../build/yolo_detectors/yolo_detectors.egg-info/top_level.txt
reading manifest file '../../build/yolo_detectors/yolo_detectors.egg-info/SOURCES.txt'
writing manifest file '../../build/yolo_detectors/yolo_detectors.egg-info/SOURCES.txt'
running build
running build_py
copying yolo_detectors/test_subscriber_node.py -> /home/charlottediloreto/ros2_orbbec_ws/build/yolo_detectors/build/lib/yolo_detectors
running install
running install_lib
copying /home/charlottediloreto/ros2_orbbec_ws/build/yolo_detectors/build/lib/yolo_detectors/test_subscriber_node.py -> /home/charlottediloreto/ros2_orbbec_ws/install/yolo_detectors/lib/python3.10/site-packages/yolo_detectors
byte-compiling /home/charlottediloreto/ros2_orbbec_ws/install/yolo_detectors/lib/python3.10/site-packages/yolo_detectors/test_subscriber_node.py to test_subscriber_node.cpython-310.pyc
running install_data
running install_egg_info
removing '/home/charlottediloreto/ros2_orbbec_ws/install/yolo_detectors/lib/python3.10/site-packages/yolo_detectors-0.1.0-py3.10.egg-info' (and everything under it)
Copying ../../build/yolo_detectors/yolo_detectors.egg-info to /home/charlottediloreto/ros2_orbbec_ws/install/yolo_detectors/lib/python3.10/site-packages/yolo_detectors-0.1.0-py3.10.egg-info
running install_scripts
Installing alien_detection script to /home/charlottediloreto/ros2_orbbec_ws/install/yolo_detectors/lib/yolo_detectors
Installing alien_yolo script to /home/charlottediloreto/ros2_orbbec_ws/install/yolo_detectors/lib/yolo_detectors
Installing camera_driver script to /home/charlottediloreto/ros2_orbbec_ws/install/yolo_detectors/lib/yolo_detectors
Installing pose_detection script to /home/charlottediloreto/ros2_orbbec_ws/install/yolo_detectors/lib/yolo_detectors
Installing pose_yolo script to /home/charlottediloreto/ros2_orbbec_ws/install/yolo_detectors/lib/yolo_detectors
Installing test_subscriber script to /home/charlottediloreto/ros2_orbbec_ws/install/yolo_detectors/lib/yolo_detectors
writing list of installed files to '/home/charlottediloreto/ros2_orbbec_ws/build/yolo_detectors/install.log'
