/home/charlottediloreto/ros2_orbbec_ws/install/yolo_detectors/lib/python3.10/site-packages/yolo_detectors/camera_driver_node.py
/home/charlottediloreto/ros2_orbbec_ws/install/yolo_detectors/lib/python3.10/site-packages/yolo_detectors/__init__.py
/home/charlottediloreto/ros2_orbbec_ws/install/yolo_detectors/lib/python3.10/site-packages/yolo_detectors/test_yolo_node.py
/home/charlottediloreto/ros2_orbbec_ws/install/yolo_detectors/lib/python3.10/site-packages/yolo_detectors/pose_yolo_node.py
/home/charlottediloreto/ros2_orbbec_ws/install/yolo_detectors/lib/python3.10/site-packages/yolo_detectors/alien_detection_node.py
/home/charlottediloreto/ros2_orbbec_ws/install/yolo_detectors/lib/python3.10/site-packages/yolo_detectors/pose_detection_node.py
/home/charlottediloreto/ros2_orbbec_ws/install/yolo_detectors/lib/python3.10/site-packages/yolo_detectors/alien_yolo_node.py
/home/charlottediloreto/ros2_orbbec_ws/install/yolo_detectors/lib/python3.10/site-packages/yolo_detectors/test_subscriber_node.py
/home/charlottediloreto/ros2_orbbec_ws/install/yolo_detectors/lib/python3.10/site-packages/yolo_detectors/__pycache__/camera_driver_node.cpython-310.pyc
/home/charlottediloreto/ros2_orbbec_ws/install/yolo_detectors/lib/python3.10/site-packages/yolo_detectors/__pycache__/__init__.cpython-310.pyc
/home/charlottediloreto/ros2_orbbec_ws/install/yolo_detectors/lib/python3.10/site-packages/yolo_detectors/__pycache__/test_yolo_node.cpython-310.pyc
/home/charlottediloreto/ros2_orbbec_ws/install/yolo_detectors/lib/python3.10/site-packages/yolo_detectors/__pycache__/pose_yolo_node.cpython-310.pyc
/home/charlottediloreto/ros2_orbbec_ws/install/yolo_detectors/lib/python3.10/site-packages/yolo_detectors/__pycache__/alien_detection_node.cpython-310.pyc
/home/charlottediloreto/ros2_orbbec_ws/install/yolo_detectors/lib/python3.10/site-packages/yolo_detectors/__pycache__/pose_detection_node.cpython-310.pyc
/home/charlottediloreto/ros2_orbbec_ws/install/yolo_detectors/lib/python3.10/site-packages/yolo_detectors/__pycache__/alien_yolo_node.cpython-310.pyc
/home/charlottediloreto/ros2_orbbec_ws/install/yolo_detectors/lib/python3.10/site-packages/yolo_detectors/__pycache__/test_subscriber_node.cpython-310.pyc
/home/charlottediloreto/ros2_orbbec_ws/install/yolo_detectors/share/ament_index/resource_index/packages/yolo_detectors
/home/charlottediloreto/ros2_orbbec_ws/install/yolo_detectors/share/yolo_detectors/package.xml
/home/charlottediloreto/ros2_orbbec_ws/install/yolo_detectors/lib/python3.10/site-packages/yolo_detectors-0.1.0-py3.10.egg-info/top_level.txt
/home/charlottediloreto/ros2_orbbec_ws/install/yolo_detectors/lib/python3.10/site-packages/yolo_detectors-0.1.0-py3.10.egg-info/PKG-INFO
/home/charlottediloreto/ros2_orbbec_ws/install/yolo_detectors/lib/python3.10/site-packages/yolo_detectors-0.1.0-py3.10.egg-info/zip-safe
/home/charlottediloreto/ros2_orbbec_ws/install/yolo_detectors/lib/python3.10/site-packages/yolo_detectors-0.1.0-py3.10.egg-info/SOURCES.txt
/home/charlottediloreto/ros2_orbbec_ws/install/yolo_detectors/lib/python3.10/site-packages/yolo_detectors-0.1.0-py3.10.egg-info/dependency_links.txt
/home/charlottediloreto/ros2_orbbec_ws/install/yolo_detectors/lib/python3.10/site-packages/yolo_detectors-0.1.0-py3.10.egg-info/requires.txt
/home/charlottediloreto/ros2_orbbec_ws/install/yolo_detectors/lib/python3.10/site-packages/yolo_detectors-0.1.0-py3.10.egg-info/entry_points.txt
/home/charlottediloreto/ros2_orbbec_ws/install/yolo_detectors/lib/yolo_detectors/alien_detection
/home/charlottediloreto/ros2_orbbec_ws/install/yolo_detectors/lib/yolo_detectors/alien_yolo
/home/charlottediloreto/ros2_orbbec_ws/install/yolo_detectors/lib/yolo_detectors/camera_driver
/home/charlottediloreto/ros2_orbbec_ws/install/yolo_detectors/lib/yolo_detectors/pose_detection
/home/charlottediloreto/ros2_orbbec_ws/install/yolo_detectors/lib/yolo_detectors/pose_yolo
/home/charlottediloreto/ros2_orbbec_ws/install/yolo_detectors/lib/yolo_detectors/test_subscriber
/home/charlottediloreto/ros2_orbbec_ws/install/yolo_detectors/lib/yolo_detectors/test_yolo
