/home/charlottediloreto/projet_yolo26/env_orbbec/lib/python3.10/site-packages/setuptools/dist.py:599: SetuptoolsDeprecationWarning: Invalid dash-separated key 'script-dir' in 'develop' (setup.cfg), please use the underscore name 'script_dir' instead.
!!

        ********************************************************************************
        Usage of dash-separated 'script-dir' will not be supported in future
        versions. Please use the underscore name 'script_dir' instead.


        Available configuration options are listed in:
        https://setuptools.pypa.io/en/latest/userguide/declarative_config.html

        This deprecation is overdue, please update your project and remove deprecated
        calls to avoid build errors in the future.

        See https://github.com/pypa/setuptools/discussions/5011 for details.
        ********************************************************************************

!!
  opt = self._enforce_underscore(opt, section)
/home/charlottediloreto/projet_yolo26/env_orbbec/lib/python3.10/site-packages/setuptools/dist.py:599: SetuptoolsDeprecationWarning: Invalid dash-separated key 'script-dir' in 'develop' (setup.cfg), please use the underscore name 'script_dir' instead.
!!

        ********************************************************************************
        Usage of dash-separated 'script-dir' will not be supported in future
        versions. Please use the underscore name 'script_dir' instead.
        (Affected: yolo_detectors).

        Available configuration options are listed in:
        https://setuptools.pypa.io/en/latest/userguide/declarative_config.html

        This deprecation is overdue, please update your project and remove deprecated
        calls to avoid build errors in the future.

        See https://github.com/pypa/setuptools/discussions/5011 for details.
        ********************************************************************************

!!
  opt = self._enforce_underscore(opt, section)
running egg_info
writing ../../build/yolo_detectors/yolo_detectors.egg-info/PKG-INFO
writing dependency_links to ../../build/yolo_detectors/yolo_detectors.egg-info/dependency_links.txt
writing entry points to ../../build/yolo_detectors/yolo_detectors.egg-info/entry_points.txt
writing requirements to ../../build/yolo_detectors/yolo_detectors.egg-info/requires.txt
writing top-level names to ../../build/yolo_detectors/yolo_detectors.egg-info/top_level.txt
listing git files failed - pretending there aren't any
reading manifest file '../../build/yolo_detectors/yolo_detectors.egg-info/SOURCES.txt'
writing manifest file '../../build/yolo_detectors/yolo_detectors.egg-info/SOURCES.txt'
running build
running build_py
copying yolo_detectors/camera_driver_node.py -> /home/charlottediloreto/ros2_orbbec_ws/build/yolo_detectors/build/lib/yolo_detectors
copying yolo_detectors/__init__.py -> /home/charlottediloreto/ros2_orbbec_ws/build/yolo_detectors/build/lib/yolo_detectors
copying yolo_detectors/test_yolo_node.py -> /home/charlottediloreto/ros2_orbbec_ws/build/yolo_detectors/build/lib/yolo_detectors
copying yolo_detectors/pose_yolo_node.py -> /home/charlottediloreto/ros2_orbbec_ws/build/yolo_detectors/build/lib/yolo_detectors
copying yolo_detectors/alien_detection_node.py -> /home/charlottediloreto/ros2_orbbec_ws/build/yolo_detectors/build/lib/yolo_detectors
copying yolo_detectors/pose_detection_node.py -> /home/charlottediloreto/ros2_orbbec_ws/build/yolo_detectors/build/lib/yolo_detectors
copying yolo_detectors/alien_yolo_node.py -> /home/charlottediloreto/ros2_orbbec_ws/build/yolo_detectors/build/lib/yolo_detectors
copying yolo_detectors/test_subscriber_node.py -> /home/charlottediloreto/ros2_orbbec_ws/build/yolo_detectors/build/lib/yolo_detectors
running install
running install_lib
running install_data
copying resource/yolo_detectors -> /home/charlottediloreto/ros2_orbbec_ws/install/yolo_detectors/share/ament_index/resource_index/packages
copying package.xml -> /home/charlottediloreto/ros2_orbbec_ws/install/yolo_detectors/share/yolo_detectors
running install_egg_info
removing '/home/charlottediloreto/ros2_orbbec_ws/install/yolo_detectors/lib/python3.10/site-packages/yolo_detectors-0.1.0-py3.10.egg-info' (and everything under it)
Copying ../../build/yolo_detectors/yolo_detectors.egg-info to /home/charlottediloreto/ros2_orbbec_ws/install/yolo_detectors/lib/python3.10/site-packages/yolo_detectors-0.1.0-py3.10.egg-info
running install_scripts
Installing alien_detection script to /home/charlottediloreto/ros2_orbbec_ws/install/yolo_detectors/lib/yolo_detectors
Installing alien_yolo script to /home/charlottediloreto/ros2_orbbec_ws/install/yolo_detectors/lib/yolo_detectors
Installing camera_driver script to /home/charlottediloreto/ros2_orbbec_ws/install/yolo_detectors/lib/yolo_detectors
Installing pose_detection script to /home/charlottediloreto/ros2_orbbec_ws/install/yolo_detectors/lib/yolo_detectors
Installing pose_yolo script to /home/charlottediloreto/ros2_orbbec_ws/install/yolo_detectors/lib/yolo_detectors
Installing test_subscriber script to /home/charlottediloreto/ros2_orbbec_ws/install/yolo_detectors/lib/yolo_detectors
Installing test_yolo script to /home/charlottediloreto/ros2_orbbec_ws/install/yolo_detectors/lib/yolo_detectors
writing list of installed files to '/home/charlottediloreto/ros2_orbbec_ws/build/yolo_detectors/install.log'
