running egg_info
creating ../../build/yolo_detectors/yolo26_orbbec.egg-info
writing ../../build/yolo_detectors/yolo26_orbbec.egg-info/PKG-INFO
writing dependency_links to ../../build/yolo_detectors/yolo26_orbbec.egg-info/dependency_links.txt
writing entry points to ../../build/yolo_detectors/yolo26_orbbec.egg-info/entry_points.txt
writing requirements to ../../build/yolo_detectors/yolo26_orbbec.egg-info/requires.txt
writing top-level names to ../../build/yolo_detectors/yolo26_orbbec.egg-info/top_level.txt
writing manifest file '../../build/yolo_detectors/yolo26_orbbec.egg-info/SOURCES.txt'
listing git files failed - pretending there aren't any
reading manifest file '../../build/yolo_detectors/yolo26_orbbec.egg-info/SOURCES.txt'
writing manifest file '../../build/yolo_detectors/yolo26_orbbec.egg-info/SOURCES.txt'
running build
running build_py
creating /home/charlottediloreto/ros2_orbbec_ws/build/yolo_detectors/build
creating /home/charlottediloreto/ros2_orbbec_ws/build/yolo_detectors/build/lib
creating /home/charlottediloreto/ros2_orbbec_ws/build/yolo_detectors/build/lib/yolo_detectors
copying yolo_detectors/__init__.py -> /home/charlottediloreto/ros2_orbbec_ws/build/yolo_detectors/build/lib/yolo_detectors
copying yolo_detectors/alien_detection_node.py -> /home/charlottediloreto/ros2_orbbec_ws/build/yolo_detectors/build/lib/yolo_detectors
copying yolo_detectors/pose_detection_node.py -> /home/charlottediloreto/ros2_orbbec_ws/build/yolo_detectors/build/lib/yolo_detectors
running install
running install_lib
creating /home/charlottediloreto/ros2_orbbec_ws/install/yolo_detectors/lib/python3.10/site-packages/yolo_detectors
copying /home/charlottediloreto/ros2_orbbec_ws/build/yolo_detectors/build/lib/yolo_detectors/__init__.py -> /home/charlottediloreto/ros2_orbbec_ws/install/yolo_detectors/lib/python3.10/site-packages/yolo_detectors
copying /home/charlottediloreto/ros2_orbbec_ws/build/yolo_detectors/build/lib/yolo_detectors/alien_detection_node.py -> /home/charlottediloreto/ros2_orbbec_ws/install/yolo_detectors/lib/python3.10/site-packages/yolo_detectors
copying /home/charlottediloreto/ros2_orbbec_ws/build/yolo_detectors/build/lib/yolo_detectors/pose_detection_node.py -> /home/charlottediloreto/ros2_orbbec_ws/install/yolo_detectors/lib/python3.10/site-packages/yolo_detectors
byte-compiling /home/charlottediloreto/ros2_orbbec_ws/install/yolo_detectors/lib/python3.10/site-packages/yolo_detectors/__init__.py to __init__.cpython-310.pyc
byte-compiling /home/charlottediloreto/ros2_orbbec_ws/install/yolo_detectors/lib/python3.10/site-packages/yolo_detectors/alien_detection_node.py to alien_detection_node.cpython-310.pyc
byte-compiling /home/charlottediloreto/ros2_orbbec_ws/install/yolo_detectors/lib/python3.10/site-packages/yolo_detectors/pose_detection_node.py to pose_detection_node.cpython-310.pyc
running install_data
error: can't copy 'resource/yolo26_orbbec': doesn't exist or not a regular file
