[0.553s] Invoking command in '/home/charlottediloreto/ros2_orbbec_ws/src/yolo_detectors': PYTHONPATH=/home/charlottediloreto/ros2_orbbec_ws/build/yolo_detectors/prefix_override:/usr/lib/python3/dist-packages/colcon_core/task/python/colcon_distutils_commands:/home/charlottediloreto/ros2_orbbec_ws/install/yolo_detectors/lib/python3.10/site-packages:${PYTHONPATH} /usr/bin/python3 -W ignore:setup.py install is deprecated -W ignore:easy_install command is deprecated setup.py egg_info --egg-base ../../build/yolo_detectors build --build-base /home/charlottediloreto/ros2_orbbec_ws/build/yolo_detectors/build install --record /home/charlottediloreto/ros2_orbbec_ws/build/yolo_detectors/install.log --single-version-externally-managed install_data
[0.755s] running egg_info
[0.755s] creating ../../build/yolo_detectors/yolo26_orbbec.egg-info
[0.756s] writing ../../build/yolo_detectors/yolo26_orbbec.egg-info/PKG-INFO
[0.756s] writing dependency_links to ../../build/yolo_detectors/yolo26_orbbec.egg-info/dependency_links.txt
[0.756s] writing entry points to ../../build/yolo_detectors/yolo26_orbbec.egg-info/entry_points.txt
[0.756s] writing requirements to ../../build/yolo_detectors/yolo26_orbbec.egg-info/requires.txt
[0.756s] writing top-level names to ../../build/yolo_detectors/yolo26_orbbec.egg-info/top_level.txt
[0.757s] writing manifest file '../../build/yolo_detectors/yolo26_orbbec.egg-info/SOURCES.txt'
[0.782s] listing git files failed - pretending there aren't any
[0.898s] reading manifest file '../../build/yolo_detectors/yolo26_orbbec.egg-info/SOURCES.txt'
[0.898s] writing manifest file '../../build/yolo_detectors/yolo26_orbbec.egg-info/SOURCES.txt'
[0.898s] running build
[0.899s] running build_py
[0.899s] creating /home/charlottediloreto/ros2_orbbec_ws/build/yolo_detectors/build
[0.899s] creating /home/charlottediloreto/ros2_orbbec_ws/build/yolo_detectors/build/lib
[0.899s] creating /home/charlottediloreto/ros2_orbbec_ws/build/yolo_detectors/build/lib/yolo_detectors
[0.899s] copying yolo_detectors/__init__.py -> /home/charlottediloreto/ros2_orbbec_ws/build/yolo_detectors/build/lib/yolo_detectors
[0.899s] copying yolo_detectors/alien_detection_node.py -> /home/charlottediloreto/ros2_orbbec_ws/build/yolo_detectors/build/lib/yolo_detectors
[0.899s] copying yolo_detectors/pose_detection_node.py -> /home/charlottediloreto/ros2_orbbec_ws/build/yolo_detectors/build/lib/yolo_detectors
[0.899s] running install
[0.900s] running install_lib
[0.900s] creating /home/charlottediloreto/ros2_orbbec_ws/install/yolo_detectors/lib/python3.10/site-packages/yolo_detectors
[0.900s] copying /home/charlottediloreto/ros2_orbbec_ws/build/yolo_detectors/build/lib/yolo_detectors/__init__.py -> /home/charlottediloreto/ros2_orbbec_ws/install/yolo_detectors/lib/python3.10/site-packages/yolo_detectors
[0.901s] copying /home/charlottediloreto/ros2_orbbec_ws/build/yolo_detectors/build/lib/yolo_detectors/alien_detection_node.py -> /home/charlottediloreto/ros2_orbbec_ws/install/yolo_detectors/lib/python3.10/site-packages/yolo_detectors
[0.901s] copying /home/charlottediloreto/ros2_orbbec_ws/build/yolo_detectors/build/lib/yolo_detectors/pose_detection_node.py -> /home/charlottediloreto/ros2_orbbec_ws/install/yolo_detectors/lib/python3.10/site-packages/yolo_detectors
[0.901s] byte-compiling /home/charlottediloreto/ros2_orbbec_ws/install/yolo_detectors/lib/python3.10/site-packages/yolo_detectors/__init__.py to __init__.cpython-310.pyc
[0.901s] byte-compiling /home/charlottediloreto/ros2_orbbec_ws/install/yolo_detectors/lib/python3.10/site-packages/yolo_detectors/alien_detection_node.py to alien_detection_node.cpython-310.pyc
[0.903s] byte-compiling /home/charlottediloreto/ros2_orbbec_ws/install/yolo_detectors/lib/python3.10/site-packages/yolo_detectors/pose_detection_node.py to pose_detection_node.cpython-310.pyc
[0.905s] running install_data
[0.905s] error: can't copy 'resource/yolo26_orbbec': doesn't exist or not a regular file
[0.919s] Invoked command in '/home/charlottediloreto/ros2_orbbec_ws/src/yolo_detectors' returned '1': PYTHONPATH=/home/charlottediloreto/ros2_orbbec_ws/build/yolo_detectors/prefix_override:/usr/lib/python3/dist-packages/colcon_core/task/python/colcon_distutils_commands:/home/charlottediloreto/ros2_orbbec_ws/install/yolo_detectors/lib/python3.10/site-packages:${PYTHONPATH} /usr/bin/python3 -W ignore:setup.py install is deprecated -W ignore:easy_install command is deprecated setup.py egg_info --egg-base ../../build/yolo_detectors build --build-base /home/charlottediloreto/ros2_orbbec_ws/build/yolo_detectors/build install --record /home/charlottediloreto/ros2_orbbec_ws/build/yolo_detectors/install.log --single-version-externally-managed install_data
